<?xml version="1.0" encoding="UTF-8"?>
<!-- Generated by org.testng.reporters.JUnitReportReporter -->
<testsuite hostname="LIN24003548" failures="0" tests="1" name="com.niraj.TestTimezoneAndCurrency" time="3.644" errors="0" timestamp="2020-09-01T15:00:00 IST" skipped="0">
  <testcase classname="com.niraj.TestTimezoneAndCurrency" name="extractTimezoneandCurrency" time="3.644"/>
  <system-out/>
</testsuite> <!-- com.niraj.TestTimezoneAndCurrency -->
