<?xml version="1.0" encoding="UTF-8"?>
<!-- Generated by org.testng.reporters.JUnitReportReporter -->
<testsuite hostname="LAPTOP-H8JF567B" name="Runner.TestRunner" tests="1" failures="0" timestamp="2 Sep 2020 08:07:10 GMT" time="2.714" errors="0">
  <testcase name="feature" time="2.714" classname="Runner.TestRunner"/>
</testsuite> <!-- Runner.TestRunner -->
