<?xml version="1.0" encoding="UTF-8"?>
<!-- Generated by org.testng.reporters.JUnitReportReporter -->
<testsuite hostname="LIN24003548" failures="0" tests="1" name="com.niraj.Test1" time="0.010" errors="0" timestamp="2020-08-25T16:17:05 IST" skipped="0">
  <testcase classname="com.niraj.Test1" name="testPrintMessage" time="0.010"/>
  <system-out/>
</testsuite> <!-- com.niraj.Test1 -->
