<?xml version="1.0" encoding="UTF-8"?>
<!-- Generated by org.testng.reporters.JUnitReportReporter -->
<testsuite hostname="LIN24003548" failures="0" tests="1" name="com.niraj.Test2" time="0.009" errors="0" timestamp="2020-08-25T16:17:43 IST" skipped="0">
  <testcase classname="com.niraj.Test2" name="testSalutationMessage" time="0.009"/>
  <system-out/>
</testsuite> <!-- com.niraj.Test2 -->
