<?xml version="1.0" encoding="UTF-8"?>
<!-- Generated by org.testng.reporters.JUnitReportReporter -->
<testsuite hostname="LIN24003548" failures="0" tests="1" name="Runner.TestRunner" time="2.381" errors="0" timestamp="1 Sep 2020 12:48:04 GMT">
  <testcase classname="Runner.TestRunner" name="feature" time="2.381"/>
</testsuite> <!-- Runner.TestRunner -->
