<?xml version="1.0" encoding="UTF-8"?>
<!-- Generated by org.testng.reporters.JUnitReportReporter -->
<testsuite skipped="0" hostname="LAPTOP-H8JF567B" name="com.niraj.Test1" tests="1" failures="0" timestamp="2020-09-02T13:44:41 IST" time="0.006" errors="0">
  <testcase name="testPrintMessage" time="0.006" classname="com.niraj.Test1"/>
  <system-out/>
</testsuite> <!-- com.niraj.Test1 -->
