<?xml version="1.0" encoding="UTF-8"?>
<!-- Generated by org.testng.reporters.JUnitReportReporter -->
<testsuite hostname="LIN24003548" failures="0" tests="1" name="com.niraj.POSTMethod" time="2.762" errors="0" timestamp="2020-08-25T17:27:10 IST" skipped="0">
  <testcase classname="com.niraj.POSTMethod" name="RegisterUserPOSTAPI" time="2.762"/>
  <system-out/>
</testsuite> <!-- com.niraj.POSTMethod -->
