<?xml version="1.0" encoding="UTF-8"?>
<!-- Generated by org.testng.reporters.JUnitReportReporter -->
<testsuite hostname="LIN24003548" failures="0" tests="1" name="com.niraj.Sample_Test" time="2.262" errors="0" timestamp="2020-08-28T19:29:00 IST" skipped="0">
  <testcase classname="com.niraj.Sample_Test" name="TestGetMethod" time="2.262"/>
  <system-out/>
</testsuite> <!-- com.niraj.Sample_Test -->
