<?xml version="1.0" encoding="UTF-8"?>
<!-- Generated by org.testng.reporters.JUnitReportReporter -->
<testsuite skipped="0" hostname="LAPTOP-H8JF567B" name="com.niraj.Sample_Test" tests="1" failures="0" timestamp="2020-09-02T13:43:52 IST" time="0.827" errors="0">
  <testcase name="TestGetMethod" time="0.827" classname="com.niraj.Sample_Test"/>
  <system-out/>
</testsuite> <!-- com.niraj.Sample_Test -->
