<?xml version="1.0" encoding="UTF-8"?>
<!-- Generated by org.testng.reporters.JUnitReportReporter -->
<testsuite skipped="0" hostname="LAPTOP-H8JF567B" name="com.niraj.POSTMethod" tests="1" failures="0" timestamp="2020-09-02T13:43:52 IST" time="3.460" errors="0">
  <testcase name="TestPostMethod" time="3.460" classname="com.niraj.POSTMethod"/>
  <system-out/>
</testsuite> <!-- com.niraj.POSTMethod -->
